2022-07-27 16:19:51 [scrapy.utils.log] INFO: Scrapy 2.5.1 started (bot: medium)
2022-07-27 16:19:51 [scrapy.utils.log] INFO: Versions: lxml 4.9.1.0, libxml2 2.9.14, cssselect 1.1.0, parsel 1.6.0, w3lib 1.22.0, Twisted 18.9.0, Python 3.7.13 (default, Mar 29 2022, 02:18:16) - [GCC 7.5.0], pyOpenSSL 22.0.0 (OpenSSL 3.0.5 5 Jul 2022), cryptography 37.0.4, Platform Linux-5.4.0-122-generic-x86_64-with-debian-buster-sid
2022-07-27 16:19:51 [scrapy.utils.log] DEBUG: Using reactor: twisted.internet.epollreactor.EPollReactor
2022-07-27 16:19:51 [scrapy.crawler] INFO: Overridden settings:
{'BOT_NAME': 'medium',
 'LOG_FILE': 'logs/medium/mediumscrapy/d675d9620d9911ed9067e470b8946416.log',
 'NEWSPIDER_MODULE': 'medium.spiders',
 'ROBOTSTXT_OBEY': True,
 'SPIDER_MODULES': ['medium.spiders']}
2022-07-27 16:19:51 [scrapy.extensions.telnet] INFO: Telnet Password: f0f33f979569199c
2022-07-27 16:19:51 [scrapy.middleware] INFO: Enabled extensions:
['scrapy.extensions.corestats.CoreStats',
 'scrapy.extensions.telnet.TelnetConsole',
 'scrapy.extensions.memusage.MemoryUsage',
 'scrapy.extensions.logstats.LogStats']
2022-07-27 16:19:51 [scrapy.middleware] INFO: Enabled downloader middlewares:
['scrapy.downloadermiddlewares.robotstxt.RobotsTxtMiddleware',
 'scrapy.downloadermiddlewares.httpauth.HttpAuthMiddleware',
 'scrapy.downloadermiddlewares.downloadtimeout.DownloadTimeoutMiddleware',
 'scrapy.downloadermiddlewares.defaultheaders.DefaultHeadersMiddleware',
 'scrapy.downloadermiddlewares.useragent.UserAgentMiddleware',
 'scrapy.downloadermiddlewares.retry.RetryMiddleware',
 'scrapy.downloadermiddlewares.redirect.MetaRefreshMiddleware',
 'scrapy.downloadermiddlewares.httpcompression.HttpCompressionMiddleware',
 'scrapy.downloadermiddlewares.redirect.RedirectMiddleware',
 'scrapy.downloadermiddlewares.cookies.CookiesMiddleware',
 'scrapy.downloadermiddlewares.httpproxy.HttpProxyMiddleware',
 'scrapy.downloadermiddlewares.stats.DownloaderStats']
2022-07-27 16:19:51 [scrapy.middleware] INFO: Enabled spider middlewares:
['scrapy.spidermiddlewares.httperror.HttpErrorMiddleware',
 'scrapy.spidermiddlewares.offsite.OffsiteMiddleware',
 'scrapy.spidermiddlewares.referer.RefererMiddleware',
 'scrapy.spidermiddlewares.urllength.UrlLengthMiddleware',
 'scrapy.spidermiddlewares.depth.DepthMiddleware']
2022-07-27 16:19:51 [scrapy.middleware] INFO: Enabled item pipelines:
['medium.pipelines.MediumPipeline']
2022-07-27 16:19:51 [scrapy.core.engine] INFO: Spider opened
2022-07-27 16:19:51 [scrapy.extensions.logstats] INFO: Crawled 0 pages (at 0 pages/min), scraped 0 items (at 0 items/min)
2022-07-27 16:19:51 [scrapy.extensions.telnet] INFO: Telnet console listening on 127.0.0.1:6024
2022-07-27 16:19:51 [scrapy.core.engine] DEBUG: Crawled (200) <GET https://medium.com/robots.txt> (referer: None)
2022-07-27 16:19:51 [scrapy.core.engine] DEBUG: Crawled (200) <GET https://medium.com/tag/abortion> (referer: None)
2022-07-27 16:19:51 [scrapy.core.scraper] DEBUG: Scraped from <200 https://medium.com/tag/abortion>
{'article_link': 'https://medium.com/tag/abortion', 'author': 'Barry Gander', 'title': 'Abolition and Abortion — America’s Deadly “Noble Experiment” Forecasts the End of Anti-Abortion Laws', 'summary': 'One hundred years ago the mightiest pressure group ever to arise in American history upended the Constitution that had governed the country for 131 years. A coalition of moralists drove a freedom-loving people to give up a private right that had been taken for granted by millions of people since…', '_id': ObjectId('62e1184fff9613d48211d90b')}
2022-07-27 16:19:51 [scrapy.core.scraper] DEBUG: Scraped from <200 https://medium.com/tag/abortion>
{'article_link': 'https://medium.com/tag/abortion', 'author': 'Yael Wolfe', 'title': 'The One Thing That Will Save This Broken World', 'summary': 'And it’s something we all possess… —  Like many others, I’ve been feeling despair since the reversal of Roe v. Wade. The world has felt like a dumpster fire for long enough…and now this? In the midst of a pandemic, when we have to think through every single choice we make, every person we see, every place…', '_id': ObjectId('62e1184fff9613d48211d90c')}
2022-07-27 16:19:51 [scrapy.core.scraper] DEBUG: Scraped from <200 https://medium.com/tag/abortion>
{'article_link': 'https://medium.com/tag/abortion', 'author': 'Sarah Terzo', 'title': 'Why Do People Have Third Trimester Abortions?', 'summary': 'A new study by a pro-choice author answers this question. —  Although few Americans support legalized abortion in the third trimester, the number seems to be increasing. A 2022 poll found 20% of respondents in support of abortion up until birth — up from only 13% in 2018. One possible reason for this increased support is the widespread misinformation about why…', '_id': ObjectId('62e1184fff9613d48211d90d')}
2022-07-27 16:19:51 [scrapy.core.scraper] DEBUG: Scraped from <200 https://medium.com/tag/abortion>
{'article_link': 'https://medium.com/tag/abortion', 'author': 'Fatim Hemraj', 'title': 'You Don’t Have to Worry About Abortion Rights if You’re Fat and Ugly', 'summary': 'Haven’t you heard? You’re only allowed to fight for your right to have an abortion if you’re beautiful and fit. —  According to U.S. Congressman Matt Gaetz, unattractive women need not worry about abortion rights since no one wants to impregnate them anyway. During the Turning Point USA Student Action Summit in Tampa on July 23, Matt Gaetz told young, impressionable college students that overweight women should focus more on exercising…', '_id': ObjectId('62e1184fff9613d48211d90e')}
2022-07-27 16:19:51 [scrapy.core.scraper] DEBUG: Scraped from <200 https://medium.com/tag/abortion>
{'article_link': 'https://medium.com/tag/abortion', 'author': 'Claudia Koomson', 'title': 'Cry to Mom', 'summary': 'A poem about abortion. —  An aborted fetus looks at her mother to be and asks:\nWhy don’t you give me a chance to love you?\nWhy don’t you give me a chance to breathe?\nNow I could never be just like you. The mother said:\nI no longer possess the innocence I once had in…', '_id': ObjectId('62e1184fff9613d48211d90f')}
2022-07-27 16:19:51 [scrapy.core.scraper] DEBUG: Scraped from <200 https://medium.com/tag/abortion>
{'article_link': 'https://medium.com/tag/abortion', 'author': 'Johnny Robish', 'title': 'Matt Gaetz Implies Pro-Choice Women Too Ugly to Get Pregnant', 'summary': 'The guy who pays underage hookers for sex says who can’t get laid? —  The Huffington Post reports Matt Gaetz (R-Fla) recently spoke at the ultra-conservative Turning Point USA’s Student Action Summit in Tampa, and got huge laughs and applause from the crowd when he asked “Why is it that the women with the least likelihood of getting pregnant are the ones most worried…', '_id': ObjectId('62e1184fff9613d48211d910')}
2022-07-27 16:19:51 [scrapy.core.engine] INFO: Closing spider (finished)
2022-07-27 16:19:51 [scrapy.statscollectors] INFO: Dumping Scrapy stats:
{'downloader/request_bytes': 533,
 'downloader/request_count': 2,
 'downloader/request_method_count/GET': 2,
 'downloader/response_bytes': 32775,
 'downloader/response_count': 2,
 'downloader/response_status_count/200': 2,
 'elapsed_time_seconds': 0.273835,
 'finish_reason': 'finished',
 'finish_time': datetime.datetime(2022, 7, 27, 10, 49, 51, 661260),
 'httpcompression/response_bytes': 165306,
 'httpcompression/response_count': 2,
 'item_scraped_count': 6,
 'log_count/DEBUG': 8,
 'log_count/INFO': 10,
 'memusage/max': 117993472,
 'memusage/startup': 117993472,
 'response_received_count': 2,
 'robotstxt/request_count': 1,
 'robotstxt/response_count': 1,
 'robotstxt/response_status_count/200': 1,
 'scheduler/dequeued': 1,
 'scheduler/dequeued/memory': 1,
 'scheduler/enqueued': 1,
 'scheduler/enqueued/memory': 1,
 'start_time': datetime.datetime(2022, 7, 27, 10, 49, 51, 387425)}
2022-07-27 16:19:51 [scrapy.core.engine] INFO: Spider closed (finished)
